<?xml version="1.0" encoding="UTF-8"?>
<coverage generated="1636118695289" clover="3.2.0">
  <project timestamp="1636118695289" name="All files">
    <metrics statements="17" coveredstatements="17" conditionals="5" coveredconditionals="5" methods="9" coveredmethods="9" elements="31" coveredelements="31" complexity="0" loc="17" ncloc="17" packages="1" files="1" classes="1"/>
    <file name="main.ts" path="/home/runner/work/erase-indent/erase-indent/src/main.ts">
      <metrics statements="17" coveredstatements="17" conditionals="5" coveredconditionals="5" methods="9" coveredmethods="9"/>
      <line num="1" count="1" type="stmt"/>
      <line num="5" count="7" type="stmt"/>
      <line num="8" count="1" type="stmt"/>
      <line num="9" count="11" type="cond" truecount="1" falsecount="0"/>
      <line num="10" count="48" type="stmt"/>
      <line num="15" count="8" type="stmt"/>
      <line num="19" count="1" type="stmt"/>
      <line num="20" count="15" type="stmt"/>
      <line num="21" count="85" type="stmt"/>
      <line num="22" count="15" type="stmt"/>
      <line num="23" count="85" type="stmt"/>
      <line num="27" count="15" type="stmt"/>
      <line num="30" count="1" type="stmt"/>
      <line num="31" count="23" type="stmt"/>
      <line num="32" count="23" type="stmt"/>
      <line num="36" count="8" type="stmt"/>
      <line num="38" count="1" type="stmt"/>
    </file>
  </project>
</coverage>
