{"/home/runner/work/erase-indent/erase-indent/src/main.ts": {"path":"/home/runner/work/erase-indent/erase-indent/src/main.ts","statementMap":{"0":{"start":{"line":1,"column":0},"end":{"line":1,"column":13}},"1":{"start":{"line":5,"column":4},"end":{"line":5,"column":null}},"2":{"start":{"line":8,"column":9},"end":{"line":17,"column":null}},"3":{"start":{"line":9,"column":4},"end":{"line":16,"column":null}},"4":{"start":{"line":10,"column":6},"end":{"line":14,"column":null}},"5":{"start":{"line":10,"column":48},"end":{"line":14,"column":8}},"6":{"start":{"line":15,"column":6},"end":{"line":15,"column":null}},"7":{"start":{"line":19,"column":2},"end":{"line":28,"column":null}},"8":{"start":{"line":20,"column":31},"end":{"line":21,"column":45}},"9":{"start":{"line":21,"column":24},"end":{"line":21,"column":45}},"10":{"start":{"line":22,"column":19},"end":{"line":26,"column":45}},"11":{"start":{"line":23,"column":24},"end":{"line":26,"column":8}},"12":{"start":{"line":27,"column":4},"end":{"line":27,"column":null}},"13":{"start":{"line":30,"column":2},"end":{"line":33,"column":null}},"14":{"start":{"line":31,"column":19},"end":{"line":31,"column":42}},"15":{"start":{"line":32,"column":4},"end":{"line":32,"column":null}},"16":{"start":{"line":36,"column":4},"end":{"line":36,"column":null}},"17":{"start":{"line":38,"column":0},"end":{"line":38,"column":null}},"18":{"start":{"line":1,"column":13},"end":{"line":1,"column":17}}},"fnMap":{"0":{"name":"(anonymous_0)","decl":{"start":{"line":1,"column":0},"end":{"line":1,"column":13}},"loc":{"start":{"line":1,"column":0},"end":{"line":38,"column":null}}},"1":{"name":"Main","decl":{"start":{"line":4,"column":2},"end":{"line":4,"column":15}},"loc":{"start":{"line":4,"column":29},"end":{"line":6,"column":3}}},"2":{"name":"(anonymous_2)","decl":{"start":{"line":8,"column":2},"end":{"line":8,"column":9}},"loc":{"start":{"line":8,"column":2},"end":{"line":17,"column":3}}},"3":{"name":"(anonymous_3)","decl":{"start":{"line":10,"column":38},"end":{"line":10,"column":44}},"loc":{"start":{"line":10,"column":44},"end":{"line":10,"column":null}}},"4":{"name":"(anonymous_4)","decl":{"start":{"line":19,"column":2},"end":{"line":19,"column":6}},"loc":{"start":{"line":19,"column":2},"end":{"line":28,"column":3}}},"5":{"name":"(anonymous_5)","decl":{"start":{"line":21,"column":14},"end":{"line":21,"column":20}},"loc":{"start":{"line":21,"column":20},"end":{"line":21,"column":30}}},"6":{"name":"(anonymous_6)","decl":{"start":{"line":23,"column":14},"end":{"line":23,"column":20}},"loc":{"start":{"line":23,"column":20},"end":{"line":23,"column":null}}},"7":{"name":"(anonymous_7)","decl":{"start":{"line":30,"column":2},"end":{"line":30,"column":6}},"loc":{"start":{"line":30,"column":2},"end":{"line":33,"column":3}}},"8":{"name":"(anonymous_8)","decl":{"start":{"line":35,"column":2},"end":{"line":35,"column":15}},"loc":{"start":{"line":35,"column":22},"end":{"line":37,"column":3}}}},"branchMap":{"0":{"loc":{"start":{"line":9,"column":4},"end":{"line":16,"column":null}},"type":"if","locations":[{"start":{"line":9,"column":4},"end":{"line":16,"column":null}}]},"1":{"loc":{"start":{"line":11,"column":8},"end":{"line":13,"column":27}},"type":"cond-expr","locations":[{"start":{"line":12,"column":12},"end":{"line":12,"column":14}},{"start":{"line":13,"column":12},"end":{"line":13,"column":27}}]},"2":{"loc":{"start":{"line":24,"column":8},"end":{"line":25,"column":31}},"type":"binary-expr","locations":[{"start":{"line":24,"column":8},"end":{"line":24,"column":25}},{"start":{"line":25,"column":8},"end":{"line":25,"column":31}}]}},"s":{"0":1,"1":7,"2":1,"3":11,"4":8,"5":48,"6":8,"7":1,"8":15,"9":85,"10":15,"11":85,"12":15,"13":1,"14":23,"15":23,"16":8,"17":1,"18":1},"f":{"0":1,"1":7,"2":11,"3":48,"4":15,"5":85,"6":85,"7":23,"8":8},"b":{"0":[8],"1":[12,36],"2":[85,36]}}
}
