TN:
SF:src/main.ts
FN:1,(anonymous_0)
FN:4,Main
FN:8,(anonymous_2)
FN:10,(anonymous_3)
FN:19,(anonymous_4)
FN:21,(anonymous_5)
FN:23,(anonymous_6)
FN:30,(anonymous_7)
FN:35,(anonymous_8)
FNF:9
FNH:9
FNDA:1,(anonymous_0)
FNDA:7,Main
FNDA:11,(anonymous_2)
FNDA:48,(anonymous_3)
FNDA:15,(anonymous_4)
FNDA:85,(anonymous_5)
FNDA:85,(anonymous_6)
FNDA:23,(anonymous_7)
FNDA:8,(anonymous_8)
DA:1,1
DA:5,7
DA:8,1
DA:9,11
DA:10,48
DA:15,8
DA:19,1
DA:20,15
DA:21,85
DA:22,15
DA:23,85
DA:27,15
DA:30,1
DA:31,23
DA:32,23
DA:36,8
DA:38,1
LF:17
LH:17
BRDA:9,0,0,8
BRDA:11,1,0,12
BRDA:11,1,1,36
BRDA:24,2,0,85
BRDA:24,2,1,36
BRF:5
BRH:5
end_of_record
